<?xml version="1.0" encoding="UTF-8"?>
<!-- Generated by org.testng.reporters.JUnitReportReporter -->
<testsuite hostname="DESKTOP-P7PJ42F" failures="0" tests="2" name="GeevanSelenium.selenium" time="0.015" errors="0" timestamp="12 Aug. 2019 23:39:17 GMT" skipped="0">
  <testcase classname="GeevanSelenium.selenium" name="test2_2" time="0.002"/>
  <testcase classname="GeevanSelenium.selenium" name="test2_1" time="0.013"/>
</testsuite> <!-- GeevanSelenium.selenium -->
