<?xml version="1.0" encoding="UTF-8"?>
<!-- Generated by org.testng.reporters.JUnitReportReporter -->
<testsuite hostname="DESKTOP-P7PJ42F" failures="0" tests="2" name="GeevanSelenium.api" time="0.028" errors="0" timestamp="12 Aug. 2019 23:36:21 GMT" skipped="0">
  <testcase classname="GeevanSelenium.api" name="test2" time="0.003"/>
  <testcase classname="GeevanSelenium.api" name="test1" time="0.025"/>
</testsuite> <!-- GeevanSelenium.api -->
