<?xml version="1.0" encoding="UTF-8"?>
<!-- Generated by org.testng.reporters.JUnitReportReporter -->
<testsuite hostname="DESKTOP-P7PJ42F" failures="0" tests="2" name="GeevanSelenium.SeleniumTest" time="0.030" errors="0" timestamp="30 Oct. 2019 02:26:36 GMT" skipped="0">
  <testcase classname="GeevanSelenium.SeleniumTest" name="test2_1" time="0.029"/>
  <testcase classname="GeevanSelenium.SeleniumTest" name="test2_2" time="0.001"/>
</testsuite> <!-- GeevanSelenium.SeleniumTest -->
