<?xml version="1.0" encoding="UTF-8"?>
<!-- Generated by org.testng.reporters.JUnitReportReporter -->
<testsuite hostname="DESKTOP-P7PJ42F" failures="0" tests="2" name="GeevanSelenium.SeleniumTest" time="0.000" errors="0" timestamp="19 Aug. 2019 23:55:57 GMT" skipped="0">
  <testcase classname="GeevanSelenium.SeleniumTest" name="test2_2" time="0.000"/>
  <testcase classname="GeevanSelenium.SeleniumTest" name="test2_1" time="0.000"/>
</testsuite> <!-- GeevanSelenium.SeleniumTest -->
