<?xml version="1.0" encoding="UTF-8"?>
<!-- Generated by org.testng.reporters.JUnitReportReporter -->
<testsuite hostname="DESKTOP-P7PJ42F" failures="0" tests="2" name="GeevanSelenium.ApiTest" time="0.007" errors="0" timestamp="19 Aug. 2019 23:55:57 GMT" skipped="0">
  <testcase classname="GeevanSelenium.ApiTest" name="test2" time="0.001"/>
  <testcase classname="GeevanSelenium.ApiTest" name="test1" time="0.006"/>
</testsuite> <!-- GeevanSelenium.ApiTest -->
